[0m19:53:11.618148 [debug] [MainThread]: Sending event: {'category': 'dbt', 'action': 'invocation', 'label': 'start', 'context': [<snowplow_tracker.self_describing_json.SelfDescribingJson object at 0x00000161FFDDEAB0>, <snowplow_tracker.self_describing_json.SelfDescribingJson object at 0x00000161FFF90440>, <snowplow_tracker.self_describing_json.SelfDescribingJson object at 0x00000161FFF90620>]}


============================== 19:53:11.624766 | 78c73605-9889-437f-a291-49c126e581e0 ==============================
[0m19:53:11.624766 [info ] [MainThread]: Running with dbt=1.7.9
[0m19:53:11.625740 [debug] [MainThread]: running dbt with arguments {'printer_width': '80', 'indirect_selection': 'eager', 'log_cache_events': 'False', 'write_json': 'True', 'partial_parse': 'True', 'cache_selected_only': 'False', 'profiles_dir': 'C:\\Users\\miros\\.dbt', 'version_check': 'True', 'debug': 'False', 'log_path': 'logs', 'warn_error': 'None', 'fail_fast': 'False', 'use_colors': 'True', 'use_experimental_parser': 'False', 'no_print': 'None', 'quiet': 'False', 'log_format': 'default', 'static_parser': 'True', 'warn_error_options': 'WarnErrorOptions(include=[], exclude=[])', 'introspect': 'True', 'target_path': 'None', 'invocation_command': 'dbt init', 'send_anonymous_usage_stats': 'True'}
[0m19:54:15.251407 [debug] [MainThread]: Starter project path: C:\Users\miros\AppData\Local\Programs\Python\Python312\Lib\site-packages\dbt\include\starter_project
[0m19:54:15.278724 [info ] [MainThread]: 
Your new dbt project "cosmosproject" was created!

For more information on how to configure the profiles.yml file,
please consult the dbt documentation here:

  https://docs.getdbt.com/docs/configure-your-profile

One more thing:

Need help? Don't hesitate to reach out to us via GitHub issues or on Slack:

  https://community.getdbt.com/

Happy modeling!

[0m19:54:15.279693 [info ] [MainThread]: Setting up your profile.
[0m21:54:18.770843 [info ] [MainThread]: Profile cosmosproject written to C:\Users\miros\.dbt\profiles.yml using target's profile_template.yml and your supplied values. Run 'dbt debug' to validate the connection.
[0m21:54:18.771843 [debug] [MainThread]: Command `dbt init` succeeded at 21:54:18.771843 after 7267.30 seconds
[0m21:54:18.772843 [debug] [MainThread]: Sending event: {'category': 'dbt', 'action': 'invocation', 'label': 'end', 'context': [<snowplow_tracker.self_describing_json.SelfDescribingJson object at 0x00000161FFE0FB00>, <snowplow_tracker.self_describing_json.SelfDescribingJson object at 0x00000161FFCE78F0>, <snowplow_tracker.self_describing_json.SelfDescribingJson object at 0x00000161FFFBF500>]}
[0m21:54:18.773844 [debug] [MainThread]: Flushing usage events
[0m21:54:34.321057 [debug] [MainThread]: Sending event: {'category': 'dbt', 'action': 'invocation', 'label': 'start', 'context': [<snowplow_tracker.self_describing_json.SelfDescribingJson object at 0x00000206EAEA7230>, <snowplow_tracker.self_describing_json.SelfDescribingJson object at 0x00000206EAE3F560>, <snowplow_tracker.self_describing_json.SelfDescribingJson object at 0x00000206EBC04AD0>]}


============================== 21:54:34.324951 | f7ec6c9f-3b14-433c-b7a7-7e8e87fb8287 ==============================
[0m21:54:34.324951 [info ] [MainThread]: Running with dbt=1.7.9
[0m21:54:34.325952 [debug] [MainThread]: running dbt with arguments {'printer_width': '80', 'indirect_selection': 'eager', 'log_cache_events': 'False', 'write_json': 'True', 'partial_parse': 'True', 'cache_selected_only': 'False', 'profiles_dir': 'C:\\Users\\miros\\.dbt', 'version_check': 'True', 'warn_error': 'None', 'log_path': 'logs', 'fail_fast': 'False', 'debug': 'False', 'use_colors': 'True', 'use_experimental_parser': 'False', 'no_print': 'None', 'quiet': 'False', 'log_format': 'default', 'invocation_command': 'dbt debug', 'introspect': 'True', 'static_parser': 'True', 'target_path': 'None', 'warn_error_options': 'WarnErrorOptions(include=[], exclude=[])', 'send_anonymous_usage_stats': 'True'}
[0m21:54:34.326939 [info ] [MainThread]: dbt version: 1.7.9
[0m21:54:34.326939 [info ] [MainThread]: python version: 3.12.2
[0m21:54:34.327976 [info ] [MainThread]: python path: C:\Users\miros\AppData\Local\Programs\Python\Python312\python.exe
[0m21:54:34.328938 [info ] [MainThread]: os info: Windows-11-10.0.22631-SP0
[0m21:54:35.178117 [info ] [MainThread]: Error importing adapter: No module named 'dbt.adapters.postgres'
[0m21:54:35.181627 [info ] [MainThread]: Using profiles dir at C:\Users\miros\.dbt
[0m21:54:35.182290 [info ] [MainThread]: Using profiles.yml file at C:\Users\miros\.dbt\profiles.yml
[0m21:54:35.182290 [info ] [MainThread]: Using dbt_project.yml file at C:\Users\miros\dbt-workspace\dbt_airflow\dbt\dbt_project.yml
[0m21:54:35.183322 [info ] [MainThread]: Configuration:
[0m21:54:35.184300 [info ] [MainThread]:   profiles.yml file [[31mERROR invalid[0m]
[0m21:54:35.184300 [info ] [MainThread]:   dbt_project.yml file [[31mERROR not found[0m]
[0m21:54:35.185314 [info ] [MainThread]: Required dependencies:
[0m21:54:35.185314 [debug] [MainThread]: Executing "git --help"
[0m21:54:35.216926 [debug] [MainThread]: STDOUT: "b"usage: git [-v | --version] [-h | --help] [-C <path>] [-c <name>=<value>]\n           [--exec-path[=<path>]] [--html-path] [--man-path] [--info-path]\n           [-p | --paginate | -P | --no-pager] [--no-replace-objects] [--bare]\n           [--git-dir=<path>] [--work-tree=<path>] [--namespace=<name>]\n           [--config-env=<name>=<envvar>] <command> [<args>]\n\nThese are common Git commands used in various situations:\n\nstart a working area (see also: git help tutorial)\n   clone     Clone a repository into a new directory\n   init      Create an empty Git repository or reinitialize an existing one\n\nwork on the current change (see also: git help everyday)\n   add       Add file contents to the index\n   mv        Move or rename a file, a directory, or a symlink\n   restore   Restore working tree files\n   rm        Remove files from the working tree and from the index\n\nexamine the history and state (see also: git help revisions)\n   bisect    Use binary search to find the commit that introduced a bug\n   diff      Show changes between commits, commit and working tree, etc\n   grep      Print lines matching a pattern\n   log       Show commit logs\n   show      Show various types of objects\n   status    Show the working tree status\n\ngrow, mark and tweak your common history\n   branch    List, create, or delete branches\n   commit    Record changes to the repository\n   merge     Join two or more development histories together\n   rebase    Reapply commits on top of another base tip\n   reset     Reset current HEAD to the specified state\n   switch    Switch branches\n   tag       Create, list, delete or verify a tag object signed with GPG\n\ncollaborate (see also: git help workflows)\n   fetch     Download objects and refs from another repository\n   pull      Fetch from and integrate with another repository or a local branch\n   push      Update remote refs along with associated objects\n\n'git help -a' and 'git help -g' list available subcommands and some\nconcept guides. See 'git help <command>' or 'git help <concept>'\nto read about a specific subcommand or concept.\nSee 'git help git' for an overview of the system.\n""
[0m21:54:35.217952 [debug] [MainThread]: STDERR: "b''"
[0m21:54:35.218952 [info ] [MainThread]:  - git [[32mOK found[0m]

[0m21:54:35.218952 [info ] [MainThread]: Connection test skipped since no profile was found
[0m21:54:35.219928 [info ] [MainThread]: [31m2 checks failed:[0m
[0m21:54:35.219928 [info ] [MainThread]: Could not load dbt_project.yml
Profile loading failed for the following reason:
Runtime Error
  Credentials in profile "my_first_dbt", target "dev" invalid: Runtime Error
    Could not find adapter type postgres!


[0m21:54:35.220932 [info ] [MainThread]: Project loading failed for the following reason:
 project path <C:\Users\miros\dbt-workspace\dbt_airflow\dbt\dbt_project.yml> not found

[0m21:54:35.221925 [debug] [MainThread]: Command `dbt debug` failed at 21:54:35.221925 after 1.01 seconds
[0m21:54:35.221925 [debug] [MainThread]: Sending event: {'category': 'dbt', 'action': 'invocation', 'label': 'end', 'context': [<snowplow_tracker.self_describing_json.SelfDescribingJson object at 0x00000206F63B52B0>, <snowplow_tracker.self_describing_json.SelfDescribingJson object at 0x00000206EB32EE70>, <snowplow_tracker.self_describing_json.SelfDescribingJson object at 0x00000206EAEA7230>]}
[0m21:54:35.222952 [debug] [MainThread]: Flushing usage events
[0m21:55:30.064425 [debug] [MainThread]: Sending event: {'category': 'dbt', 'action': 'invocation', 'label': 'start', 'context': [<snowplow_tracker.self_describing_json.SelfDescribingJson object at 0x000002B6A5DB3A70>, <snowplow_tracker.self_describing_json.SelfDescribingJson object at 0x000002B6A5DB3D40>, <snowplow_tracker.self_describing_json.SelfDescribingJson object at 0x000002B6A5DB3AA0>]}


============================== 21:55:30.068614 | cb44f64a-6dbc-4d85-bb61-68cdac67cc93 ==============================
[0m21:55:30.068614 [info ] [MainThread]: Running with dbt=1.7.9
[0m21:55:30.069470 [debug] [MainThread]: running dbt with arguments {'printer_width': '80', 'indirect_selection': 'eager', 'log_cache_events': 'False', 'write_json': 'True', 'partial_parse': 'True', 'cache_selected_only': 'False', 'profiles_dir': 'C:\\Users\\miros\\.dbt', 'fail_fast': 'False', 'version_check': 'True', 'log_path': 'logs', 'warn_error': 'None', 'debug': 'False', 'use_colors': 'True', 'use_experimental_parser': 'False', 'no_print': 'None', 'quiet': 'False', 'log_format': 'default', 'invocation_command': 'dbt debug', 'warn_error_options': 'WarnErrorOptions(include=[], exclude=[])', 'static_parser': 'True', 'target_path': 'None', 'introspect': 'True', 'send_anonymous_usage_stats': 'True'}
[0m21:55:30.070486 [info ] [MainThread]: dbt version: 1.7.9
[0m21:55:30.070486 [info ] [MainThread]: python version: 3.12.2
[0m21:55:30.071481 [info ] [MainThread]: python path: C:\Users\miros\AppData\Local\Programs\Python\Python312\python.exe
[0m21:55:30.071481 [info ] [MainThread]: os info: Windows-11-10.0.22631-SP0
[0m21:55:30.905155 [info ] [MainThread]: Error importing adapter: No module named 'dbt.adapters.postgres'
[0m21:55:30.908155 [info ] [MainThread]: Using profiles dir at C:\Users\miros\.dbt
[0m21:55:30.909395 [info ] [MainThread]: Using profiles.yml file at C:\Users\miros\.dbt\profiles.yml
[0m21:55:30.910406 [info ] [MainThread]: Using dbt_project.yml file at C:\Users\miros\dbt-workspace\dbt_airflow\dbt\dbt_project.yml
[0m21:55:30.910406 [info ] [MainThread]: Configuration:
[0m21:55:30.911407 [info ] [MainThread]:   profiles.yml file [[31mERROR invalid[0m]
[0m21:55:30.911407 [info ] [MainThread]:   dbt_project.yml file [[31mERROR not found[0m]
[0m21:55:30.912432 [info ] [MainThread]: Required dependencies:
[0m21:55:30.912432 [debug] [MainThread]: Executing "git --help"
[0m21:55:30.941116 [debug] [MainThread]: STDOUT: "b"usage: git [-v | --version] [-h | --help] [-C <path>] [-c <name>=<value>]\n           [--exec-path[=<path>]] [--html-path] [--man-path] [--info-path]\n           [-p | --paginate | -P | --no-pager] [--no-replace-objects] [--bare]\n           [--git-dir=<path>] [--work-tree=<path>] [--namespace=<name>]\n           [--config-env=<name>=<envvar>] <command> [<args>]\n\nThese are common Git commands used in various situations:\n\nstart a working area (see also: git help tutorial)\n   clone     Clone a repository into a new directory\n   init      Create an empty Git repository or reinitialize an existing one\n\nwork on the current change (see also: git help everyday)\n   add       Add file contents to the index\n   mv        Move or rename a file, a directory, or a symlink\n   restore   Restore working tree files\n   rm        Remove files from the working tree and from the index\n\nexamine the history and state (see also: git help revisions)\n   bisect    Use binary search to find the commit that introduced a bug\n   diff      Show changes between commits, commit and working tree, etc\n   grep      Print lines matching a pattern\n   log       Show commit logs\n   show      Show various types of objects\n   status    Show the working tree status\n\ngrow, mark and tweak your common history\n   branch    List, create, or delete branches\n   commit    Record changes to the repository\n   merge     Join two or more development histories together\n   rebase    Reapply commits on top of another base tip\n   reset     Reset current HEAD to the specified state\n   switch    Switch branches\n   tag       Create, list, delete or verify a tag object signed with GPG\n\ncollaborate (see also: git help workflows)\n   fetch     Download objects and refs from another repository\n   pull      Fetch from and integrate with another repository or a local branch\n   push      Update remote refs along with associated objects\n\n'git help -a' and 'git help -g' list available subcommands and some\nconcept guides. See 'git help <command>' or 'git help <concept>'\nto read about a specific subcommand or concept.\nSee 'git help git' for an overview of the system.\n""
[0m21:55:30.941116 [debug] [MainThread]: STDERR: "b''"
[0m21:55:30.942127 [info ] [MainThread]:  - git [[32mOK found[0m]

[0m21:55:30.942687 [info ] [MainThread]: Connection test skipped since no profile was found
[0m21:55:30.943326 [info ] [MainThread]: [31m2 checks failed:[0m
[0m21:55:30.943326 [info ] [MainThread]: Could not load dbt_project.yml
Profile loading failed for the following reason:
Runtime Error
  Credentials in profile "my_first_dbt", target "dev" invalid: Runtime Error
    Could not find adapter type postgres!


[0m21:55:30.944338 [info ] [MainThread]: Project loading failed for the following reason:
 project path <C:\Users\miros\dbt-workspace\dbt_airflow\dbt\dbt_project.yml> not found

[0m21:55:30.945337 [debug] [MainThread]: Command `dbt debug` failed at 21:55:30.945337 after 0.98 seconds
[0m21:55:30.946351 [debug] [MainThread]: Sending event: {'category': 'dbt', 'action': 'invocation', 'label': 'end', 'context': [<snowplow_tracker.self_describing_json.SelfDescribingJson object at 0x000002B6A5C20C80>, <snowplow_tracker.self_describing_json.SelfDescribingJson object at 0x000002B6B04DD2B0>, <snowplow_tracker.self_describing_json.SelfDescribingJson object at 0x000002B6B07F5790>]}
[0m21:55:30.946351 [debug] [MainThread]: Flushing usage events
[0m21:56:39.792798 [debug] [MainThread]: Sending event: {'category': 'dbt', 'action': 'invocation', 'label': 'start', 'context': [<snowplow_tracker.self_describing_json.SelfDescribingJson object at 0x00000218DA1BFF80>, <snowplow_tracker.self_describing_json.SelfDescribingJson object at 0x00000218DA1BC8C0>, <snowplow_tracker.self_describing_json.SelfDescribingJson object at 0x00000218DA1BEB40>]}


============================== 21:56:39.799099 | 4a8f4718-a476-48f5-a608-98c4fe1a2293 ==============================
[0m21:56:39.799099 [info ] [MainThread]: Running with dbt=1.7.9
[0m21:56:39.800071 [debug] [MainThread]: running dbt with arguments {'printer_width': '80', 'indirect_selection': 'eager', 'write_json': 'True', 'log_cache_events': 'False', 'partial_parse': 'True', 'cache_selected_only': 'False', 'warn_error': 'None', 'debug': 'False', 'fail_fast': 'False', 'log_path': 'logs', 'version_check': 'True', 'profiles_dir': 'C:\\Users\\miros\\.dbt', 'use_colors': 'True', 'use_experimental_parser': 'False', 'no_print': 'None', 'quiet': 'False', 'warn_error_options': 'WarnErrorOptions(include=[], exclude=[])', 'introspect': 'True', 'invocation_command': 'dbt debug', 'static_parser': 'True', 'target_path': 'None', 'log_format': 'default', 'send_anonymous_usage_stats': 'True'}
[0m21:56:39.800071 [info ] [MainThread]: dbt version: 1.7.9
[0m21:56:39.801073 [info ] [MainThread]: python version: 3.12.2
[0m21:56:39.802072 [info ] [MainThread]: python path: C:\Users\miros\dbt-workspace\dbt_venv\Scripts\python.exe
[0m21:56:39.802072 [info ] [MainThread]: os info: Windows-11-10.0.22631-SP0
[0m21:56:40.361621 [info ] [MainThread]: Error importing adapter: No module named 'dbt.adapters.postgres'
[0m21:56:40.365159 [info ] [MainThread]: Using profiles dir at C:\Users\miros\.dbt
[0m21:56:40.366133 [info ] [MainThread]: Using profiles.yml file at C:\Users\miros\.dbt\profiles.yml
[0m21:56:40.366475 [info ] [MainThread]: Using dbt_project.yml file at C:\Users\miros\dbt-workspace\dbt_airflow\dbt\dbt_project.yml
[0m21:56:40.366475 [info ] [MainThread]: Configuration:
[0m21:56:40.367487 [info ] [MainThread]:   profiles.yml file [[31mERROR invalid[0m]
[0m21:56:40.367487 [info ] [MainThread]:   dbt_project.yml file [[31mERROR not found[0m]
[0m21:56:40.368725 [info ] [MainThread]: Required dependencies:
[0m21:56:40.368725 [debug] [MainThread]: Executing "git --help"
[0m21:56:40.398252 [debug] [MainThread]: STDOUT: "b"usage: git [-v | --version] [-h | --help] [-C <path>] [-c <name>=<value>]\n           [--exec-path[=<path>]] [--html-path] [--man-path] [--info-path]\n           [-p | --paginate | -P | --no-pager] [--no-replace-objects] [--bare]\n           [--git-dir=<path>] [--work-tree=<path>] [--namespace=<name>]\n           [--config-env=<name>=<envvar>] <command> [<args>]\n\nThese are common Git commands used in various situations:\n\nstart a working area (see also: git help tutorial)\n   clone     Clone a repository into a new directory\n   init      Create an empty Git repository or reinitialize an existing one\n\nwork on the current change (see also: git help everyday)\n   add       Add file contents to the index\n   mv        Move or rename a file, a directory, or a symlink\n   restore   Restore working tree files\n   rm        Remove files from the working tree and from the index\n\nexamine the history and state (see also: git help revisions)\n   bisect    Use binary search to find the commit that introduced a bug\n   diff      Show changes between commits, commit and working tree, etc\n   grep      Print lines matching a pattern\n   log       Show commit logs\n   show      Show various types of objects\n   status    Show the working tree status\n\ngrow, mark and tweak your common history\n   branch    List, create, or delete branches\n   commit    Record changes to the repository\n   merge     Join two or more development histories together\n   rebase    Reapply commits on top of another base tip\n   reset     Reset current HEAD to the specified state\n   switch    Switch branches\n   tag       Create, list, delete or verify a tag object signed with GPG\n\ncollaborate (see also: git help workflows)\n   fetch     Download objects and refs from another repository\n   pull      Fetch from and integrate with another repository or a local branch\n   push      Update remote refs along with associated objects\n\n'git help -a' and 'git help -g' list available subcommands and some\nconcept guides. See 'git help <command>' or 'git help <concept>'\nto read about a specific subcommand or concept.\nSee 'git help git' for an overview of the system.\n""
[0m21:56:40.399279 [debug] [MainThread]: STDERR: "b''"
[0m21:56:40.399279 [info ] [MainThread]:  - git [[32mOK found[0m]

[0m21:56:40.400252 [info ] [MainThread]: Connection test skipped since no profile was found
[0m21:56:40.400830 [info ] [MainThread]: [31m2 checks failed:[0m
[0m21:56:40.400830 [info ] [MainThread]: Could not load dbt_project.yml
Profile loading failed for the following reason:
Runtime Error
  Credentials in profile "my_first_dbt", target "dev" invalid: Runtime Error
    Could not find adapter type postgres!


[0m21:56:40.401867 [info ] [MainThread]: Project loading failed for the following reason:
 project path <C:\Users\miros\dbt-workspace\dbt_airflow\dbt\dbt_project.yml> not found

[0m21:56:40.402854 [debug] [MainThread]: Command `dbt debug` failed at 21:56:40.402854 after 0.71 seconds
[0m21:56:40.402854 [debug] [MainThread]: Sending event: {'category': 'dbt', 'action': 'invocation', 'label': 'end', 'context': [<snowplow_tracker.self_describing_json.SelfDescribingJson object at 0x00000218DAD32A20>, <snowplow_tracker.self_describing_json.SelfDescribingJson object at 0x00000218DA19F470>, <snowplow_tracker.self_describing_json.SelfDescribingJson object at 0x00000218DA1EBF80>]}
[0m21:56:40.403868 [debug] [MainThread]: Flushing usage events
[0m22:11:54.668867 [debug] [MainThread]: Sending event: {'category': 'dbt', 'action': 'invocation', 'label': 'start', 'context': [<snowplow_tracker.self_describing_json.SelfDescribingJson object at 0x000001A5FF71C2C0>, <snowplow_tracker.self_describing_json.SelfDescribingJson object at 0x000001A5FF71C230>, <snowplow_tracker.self_describing_json.SelfDescribingJson object at 0x000001A5FF71C1D0>]}


============================== 22:11:54.672397 | e1490794-bcdb-49e4-b91e-3f0af3e0ed86 ==============================
[0m22:11:54.672397 [info ] [MainThread]: Running with dbt=1.7.9
[0m22:11:54.673402 [debug] [MainThread]: running dbt with arguments {'printer_width': '80', 'indirect_selection': 'eager', 'log_cache_events': 'False', 'write_json': 'True', 'partial_parse': 'True', 'cache_selected_only': 'False', 'profiles_dir': 'C:\\Users\\miros\\.dbt', 'fail_fast': 'False', 'warn_error': 'None', 'log_path': 'logs', 'debug': 'False', 'version_check': 'True', 'use_colors': 'True', 'use_experimental_parser': 'False', 'no_print': 'None', 'quiet': 'False', 'log_format': 'default', 'static_parser': 'True', 'introspect': 'True', 'warn_error_options': 'WarnErrorOptions(include=[], exclude=[])', 'target_path': 'None', 'invocation_command': 'dbt debug', 'send_anonymous_usage_stats': 'True'}
[0m22:11:54.674402 [info ] [MainThread]: dbt version: 1.7.9
[0m22:11:54.674402 [info ] [MainThread]: python version: 3.12.2
[0m22:11:54.675402 [info ] [MainThread]: python path: C:\Users\miros\dbt-workspace\dbt_venv\Scripts\python.exe
[0m22:11:54.675402 [info ] [MainThread]: os info: Windows-11-10.0.22631-SP0
[0m22:11:54.995844 [info ] [MainThread]: Error importing adapter: No module named 'dbt.adapters.postgres'
[0m22:11:55.000143 [info ] [MainThread]: Using profiles dir at C:\Users\miros\.dbt
[0m22:11:55.000143 [info ] [MainThread]: Using profiles.yml file at C:\Users\miros\.dbt\profiles.yml
[0m22:11:55.001117 [info ] [MainThread]: Using dbt_project.yml file at C:\Users\miros\dbt-workspace\dbt_airflow\dbt\dbt_project.yml
[0m22:11:55.002118 [info ] [MainThread]: Configuration:
[0m22:11:55.002118 [info ] [MainThread]:   profiles.yml file [[31mERROR invalid[0m]
[0m22:11:55.003120 [info ] [MainThread]:   dbt_project.yml file [[31mERROR not found[0m]
[0m22:11:55.003120 [info ] [MainThread]: Required dependencies:
[0m22:11:55.004119 [debug] [MainThread]: Executing "git --help"
[0m22:11:55.033119 [debug] [MainThread]: STDOUT: "b"usage: git [-v | --version] [-h | --help] [-C <path>] [-c <name>=<value>]\n           [--exec-path[=<path>]] [--html-path] [--man-path] [--info-path]\n           [-p | --paginate | -P | --no-pager] [--no-replace-objects] [--bare]\n           [--git-dir=<path>] [--work-tree=<path>] [--namespace=<name>]\n           [--config-env=<name>=<envvar>] <command> [<args>]\n\nThese are common Git commands used in various situations:\n\nstart a working area (see also: git help tutorial)\n   clone     Clone a repository into a new directory\n   init      Create an empty Git repository or reinitialize an existing one\n\nwork on the current change (see also: git help everyday)\n   add       Add file contents to the index\n   mv        Move or rename a file, a directory, or a symlink\n   restore   Restore working tree files\n   rm        Remove files from the working tree and from the index\n\nexamine the history and state (see also: git help revisions)\n   bisect    Use binary search to find the commit that introduced a bug\n   diff      Show changes between commits, commit and working tree, etc\n   grep      Print lines matching a pattern\n   log       Show commit logs\n   show      Show various types of objects\n   status    Show the working tree status\n\ngrow, mark and tweak your common history\n   branch    List, create, or delete branches\n   commit    Record changes to the repository\n   merge     Join two or more development histories together\n   rebase    Reapply commits on top of another base tip\n   reset     Reset current HEAD to the specified state\n   switch    Switch branches\n   tag       Create, list, delete or verify a tag object signed with GPG\n\ncollaborate (see also: git help workflows)\n   fetch     Download objects and refs from another repository\n   pull      Fetch from and integrate with another repository or a local branch\n   push      Update remote refs along with associated objects\n\n'git help -a' and 'git help -g' list available subcommands and some\nconcept guides. See 'git help <command>' or 'git help <concept>'\nto read about a specific subcommand or concept.\nSee 'git help git' for an overview of the system.\n""
[0m22:11:55.033119 [debug] [MainThread]: STDERR: "b''"
[0m22:11:55.034149 [info ] [MainThread]:  - git [[32mOK found[0m]

[0m22:11:55.034149 [info ] [MainThread]: Connection test skipped since no profile was found
[0m22:11:55.035123 [info ] [MainThread]: [31m2 checks failed:[0m
[0m22:11:55.035759 [info ] [MainThread]: Could not load dbt_project.yml
Profile loading failed for the following reason:
Runtime Error
  Credentials in profile "my_first_dbt", target "dev" invalid: Runtime Error
    Could not find adapter type postgres!


[0m22:11:55.035759 [info ] [MainThread]: Project loading failed for the following reason:
 project path <C:\Users\miros\dbt-workspace\dbt_airflow\dbt\dbt_project.yml> not found

[0m22:11:55.037161 [debug] [MainThread]: Command `dbt debug` failed at 22:11:55.037161 after 0.48 seconds
[0m22:11:55.038167 [debug] [MainThread]: Sending event: {'category': 'dbt', 'action': 'invocation', 'label': 'end', 'context': [<snowplow_tracker.self_describing_json.SelfDescribingJson object at 0x000001A5FFF7CD10>, <snowplow_tracker.self_describing_json.SelfDescribingJson object at 0x000001A5FF39CE00>, <snowplow_tracker.self_describing_json.SelfDescribingJson object at 0x000001A5FF618E60>]}
[0m22:11:55.038167 [debug] [MainThread]: Flushing usage events
